This file contains any messages produced by compilers while
running configure, to aid debugging if configure makes a mistake.

It was created by memcached configure 1.6.24, which was
generated by GNU Autoconf 2.71.  Invocation command line was

  $ ./configure --prefix=/usr/local/memcached

## --------- ##
## Platform. ##
## --------- ##

hostname = node-0.tryproject.ragger-pg0.utah.cloudlab.us
uname -m = x86_64
uname -r = 5.4.0-164-generic
uname -s = Linux
uname -v = #181-Ubuntu SMP Fri Sep 1 13:41:22 UTC 2023

/usr/bin/uname -p = x86_64
/bin/uname -X     = unknown

/bin/arch              = x86_64
/usr/bin/arch -k       = unknown
/usr/convex/getsysinfo = unknown
/usr/bin/hostinfo      = unknown
/bin/machine           = unknown
/usr/bin/oslevel       = unknown
/bin/universe          = unknown

PATH: /usr/local/sbin/
PATH: /usr/local/bin/
PATH: /usr/sbin/
PATH: /usr/bin/
PATH: /sbin/
PATH: /bin/
PATH: /usr/games/
PATH: /usr/local/games/
PATH: /snap/bin/


## ----------- ##
## Core tests. ##
## ----------- ##

configure:2780: looking for aux files: compile missing install-sh config.guess config.sub
configure:2793:  trying ./
configure:2822:   ./compile found
configure:2822:   ./missing found
configure:2804:   ./install-sh found
configure:2822:   ./config.guess found
configure:2822:   ./config.sub found
configure:2940: checking build system type
configure:2955: result: x86_64-pc-linux-gnu
configure:2975: checking host system type
configure:2989: result: x86_64-pc-linux-gnu
configure:3027: checking for a BSD-compatible install
configure:3100: result: /usr/bin/install -c
configure:3111: checking whether build environment is sane
configure:3166: result: yes
configure:3323: checking for a race-free mkdir -p
configure:3367: result: /usr/bin/mkdir -p
configure:3374: checking for gawk
configure:3409: result: no
configure:3374: checking for mawk
configure:3395: found /usr/bin/mawk
configure:3406: result: mawk
configure:3417: checking whether make sets $(MAKE)
configure:3440: result: yes
configure:3470: checking whether make supports nested variables
configure:3488: result: yes
configure:3689: checking for gcc
configure:3710: found /usr/bin/gcc
configure:3721: result: gcc
configure:4074: checking for C compiler version
configure:4083: gcc --version >&5
gcc (Ubuntu 9.4.0-1ubuntu1~20.04.2) 9.4.0
Copyright (C) 2019 Free Software Foundation, Inc.
This is free software; see the source for copying conditions.  There is NO
warranty; not even for MERCHANTABILITY or FITNESS FOR A PARTICULAR PURPOSE.

configure:4094: $? = 0
configure:4083: gcc -v >&5
Using built-in specs.
COLLECT_GCC=gcc
COLLECT_LTO_WRAPPER=/usr/lib/gcc/x86_64-linux-gnu/9/lto-wrapper
OFFLOAD_TARGET_NAMES=nvptx-none:hsa
OFFLOAD_TARGET_DEFAULT=1
Target: x86_64-linux-gnu
Configured with: ../src/configure -v --with-pkgversion='Ubuntu 9.4.0-1ubuntu1~20.04.2' --with-bugurl=file:///usr/share/doc/gcc-9/README.Bugs --enable-languages=c,ada,c++,go,brig,d,fortran,objc,obj-c++,gm2 --prefix=/usr --with-gcc-major-version-only --program-suffix=-9 --program-prefix=x86_64-linux-gnu- --enable-shared --enable-linker-build-id --libexecdir=/usr/lib --without-included-gettext --enable-threads=posix --libdir=/usr/lib --enable-nls --enable-clocale=gnu --enable-libstdcxx-debug --enable-libstdcxx-time=yes --with-default-libstdcxx-abi=new --enable-gnu-unique-object --disable-vtable-verify --enable-plugin --enable-default-pie --with-system-zlib --with-target-system-zlib=auto --enable-objc-gc=auto --enable-multiarch --disable-werror --with-arch-32=i686 --with-abi=m64 --with-multilib-list=m32,m64,mx32 --enable-multilib --with-tune=generic --enable-offload-targets=nvptx-none=/build/gcc-9-9QDOt0/gcc-9-9.4.0/debian/tmp-nvptx/usr,hsa --without-cuda-driver --enable-checking=release --build=x86_64-linux-gnu --host=x86_64-linux-gnu --target=x86_64-linux-gnu
Thread model: posix
gcc version 9.4.0 (Ubuntu 9.4.0-1ubuntu1~20.04.2) 
configure:4094: $? = 0
configure:4083: gcc -V >&5
gcc: error: unrecognized command line option '-V'
gcc: fatal error: no input files
compilation terminated.
configure:4094: $? = 1
configure:4083: gcc -qversion >&5
gcc: error: unrecognized command line option '-qversion'; did you mean '--version'?
gcc: fatal error: no input files
compilation terminated.
configure:4094: $? = 1
configure:4083: gcc -version >&5
gcc: error: unrecognized command line option '-version'
gcc: fatal error: no input files
compilation terminated.
configure:4094: $? = 1
configure:4114: checking whether the C compiler works
configure:4136: gcc    conftest.c  >&5
configure:4140: $? = 0
configure:4190: result: yes
configure:4193: checking for C compiler default output file name
configure:4195: result: a.out
configure:4201: checking for suffix of executables
configure:4208: gcc -o conftest    conftest.c  >&5
configure:4212: $? = 0
configure:4235: result: 
configure:4257: checking whether we are cross compiling
configure:4265: gcc -o conftest    conftest.c  >&5
configure:4269: $? = 0
configure:4276: ./conftest
configure:4280: $? = 0
configure:4268: result: no
configure:4273: checking for suffix of object files
configure:4296: gcc -c   conftest.c >&5
configure:4300: $? = 0
configure:4322: result: o
configure:4326: checking whether the compiler supports GNU C
configure:4346: gcc -c   conftest.c >&5
configure:4346: $? = 0
configure:4356: result: yes
configure:4367: checking whether gcc accepts -g
configure:4388: gcc -c -g  conftest.c >&5
configure:4388: $? = 0
configure:4432: result: yes
configure:4452: checking for gcc option to enable C11 features
configure:4467: gcc  -c -g -O2  conftest.c >&5
configure:4467: $? = 0
configure:4485: result: none needed
configure:4601: checking whether gcc understands -c and -o together
configure:4624: gcc -c conftest.c -o conftest2.o
configure:4627: $? = 0
configure:4624: gcc -c conftest.c -o conftest2.o
configure:4627: $? = 0
configure:4639: result: yes
configure:4659: checking whether make supports the include directive
configure:4674: make -f confmf.GNU && cat confinc.out
this is the am__doit target
configure:4677: $? = 0
configure:4696: result: yes (GNU style)
configure:4722: checking dependency style of gcc
configure:4834: result: gcc3
configure:4875: checking how to run the C preprocessor
configure:4901: gcc -E  conftest.c
configure:4901: $? = 0
configure:4916: gcc -E  conftest.c
conftest.c:11:10: fatal error: ac_nonexistent.h: No such file or directory
   11 | #include <ac_nonexistent.h>
      |          ^~~~~~~~~~~~~~~~~~
compilation terminated.
configure:4916: $? = 1
configure: failed program was:
| /* confdefs.h */
| #define PACKAGE_NAME "memcached"
| #define PACKAGE_TARNAME "memcached"
| #define PACKAGE_VERSION "1.6.24"
| #define PACKAGE_STRING "memcached 1.6.24"
| #define PACKAGE_BUGREPORT "memcached@googlegroups.com"
| #define PACKAGE_URL ""
| #define PACKAGE "memcached"
| #define VERSION "1.6.24"
| /* end confdefs.h.  */
| #include <ac_nonexistent.h>
configure:4943: result: gcc -E
configure:4957: gcc -E  conftest.c
configure:4957: $? = 0
configure:4972: gcc -E  conftest.c
conftest.c:11:10: fatal error: ac_nonexistent.h: No such file or directory
   11 | #include <ac_nonexistent.h>
      |          ^~~~~~~~~~~~~~~~~~
compilation terminated.
configure:4972: $? = 1
configure: failed program was:
| /* confdefs.h */
| #define PACKAGE_NAME "memcached"
| #define PACKAGE_TARNAME "memcached"
| #define PACKAGE_VERSION "1.6.24"
| #define PACKAGE_STRING "memcached 1.6.24"
| #define PACKAGE_BUGREPORT "memcached@googlegroups.com"
| #define PACKAGE_URL ""
| #define PACKAGE "memcached"
| #define VERSION "1.6.24"
| /* end confdefs.h.  */
| #include <ac_nonexistent.h>
configure:5003: checking for grep that handles long lines and -e
configure:5067: result: /usr/bin/grep
configure:5072: checking for egrep
configure:5140: result: /usr/bin/grep -E
configure:5147: checking for icc in use
configure:5157: result: no
configure:5177: checking for clang in use
configure:5194: gcc -c -g -O2  conftest.c >&5
conftest.c: In function 'main':
conftest.c:17:12: error: unknown type name 'not'
   17 |            not clang
      |            ^~~
configure:5194: $? = 1
configure: failed program was:
| /* confdefs.h */
| #define PACKAGE_NAME "memcached"
| #define PACKAGE_TARNAME "memcached"
| #define PACKAGE_VERSION "1.6.24"
| #define PACKAGE_STRING "memcached 1.6.24"
| #define PACKAGE_BUGREPORT "memcached@googlegroups.com"
| #define PACKAGE_URL ""
| #define PACKAGE "memcached"
| #define VERSION "1.6.24"
| /* end confdefs.h.  */
| 
| int
| main (void)
| {
| 
|     #ifndef __clang__
|            not clang
|     #endif
| 
|   ;
|   return 0;
| }
configure:5201: result: no
configure:5211: checking for gcc options needed to detect all undeclared functions
configure:5233: gcc -c -g -O2   conftest.c >&5
conftest.c: In function 'main':
conftest.c:15:8: error: 'strchr' undeclared (first use in this function)
   15 | (void) strchr;
      |        ^~~~~~
conftest.c:1:1: note: 'strchr' is defined in header '<string.h>'; did you forget to '#include <string.h>'?
    1 | /* confdefs.h */
conftest.c:15:8: note: each undeclared identifier is reported only once for each function it appears in
   15 | (void) strchr;
      |        ^~~~~~
configure:5233: $? = 1
configure: failed program was:
| /* confdefs.h */
| #define PACKAGE_NAME "memcached"
| #define PACKAGE_TARNAME "memcached"
| #define PACKAGE_VERSION "1.6.24"
| #define PACKAGE_STRING "memcached 1.6.24"
| #define PACKAGE_BUGREPORT "memcached@googlegroups.com"
| #define PACKAGE_URL ""
| #define PACKAGE "memcached"
| #define VERSION "1.6.24"
| /* end confdefs.h.  */
| 
| int
| main (void)
| {
| (void) strchr;
|   ;
|   return 0;
| }
configure:5260: gcc -c -g -O2   conftest.c >&5
configure:5260: $? = 0
configure:5277: result: none needed
configure:5295: checking for stdio.h
configure:5295: gcc -c -g -O2  conftest.c >&5
configure:5295: $? = 0
configure:5295: result: yes
configure:5295: checking for stdlib.h
configure:5295: gcc -c -g -O2  conftest.c >&5
configure:5295: $? = 0
configure:5295: result: yes
configure:5295: checking for string.h
configure:5295: gcc -c -g -O2  conftest.c >&5
configure:5295: $? = 0
configure:5295: result: yes
configure:5295: checking for inttypes.h
configure:5295: gcc -c -g -O2  conftest.c >&5
configure:5295: $? = 0
configure:5295: result: yes
configure:5295: checking for stdint.h
configure:5295: gcc -c -g -O2  conftest.c >&5
configure:5295: $? = 0
configure:5295: result: yes
configure:5295: checking for strings.h
configure:5295: gcc -c -g -O2  conftest.c >&5
configure:5295: $? = 0
configure:5295: result: yes
configure:5295: checking for sys/stat.h
configure:5295: gcc -c -g -O2  conftest.c >&5
configure:5295: $? = 0
configure:5295: result: yes
configure:5295: checking for sys/types.h
configure:5295: gcc -c -g -O2  conftest.c >&5
configure:5295: $? = 0
configure:5295: result: yes
configure:5295: checking for unistd.h
configure:5295: gcc -c -g -O2  conftest.c >&5
configure:5295: $? = 0
configure:5295: result: yes
configure:5321: checking whether __SUNPRO_C is declared
configure:5321: gcc -c -g -O2   conftest.c >&5
conftest.c: In function 'main':
conftest.c:56:10: error: '__SUNPRO_C' undeclared (first use in this function)
   56 |   (void) __SUNPRO_C;
      |          ^~~~~~~~~~
conftest.c:56:10: note: each undeclared identifier is reported only once for each function it appears in
configure:5321: $? = 1
configure: failed program was:
| /* confdefs.h */
| #define PACKAGE_NAME "memcached"
| #define PACKAGE_TARNAME "memcached"
| #define PACKAGE_VERSION "1.6.24"
| #define PACKAGE_STRING "memcached 1.6.24"
| #define PACKAGE_BUGREPORT "memcached@googlegroups.com"
| #define PACKAGE_URL ""
| #define PACKAGE "memcached"
| #define VERSION "1.6.24"
| #define HAVE_STDIO_H 1
| #define HAVE_STDLIB_H 1
| #define HAVE_STRING_H 1
| #define HAVE_INTTYPES_H 1
| #define HAVE_STDINT_H 1
| #define HAVE_STRINGS_H 1
| #define HAVE_SYS_STAT_H 1
| #define HAVE_SYS_TYPES_H 1
| #define HAVE_UNISTD_H 1
| #define STDC_HEADERS 1
| /* end confdefs.h.  */
| #include <stddef.h>
| #ifdef HAVE_STDIO_H
| # include <stdio.h>
| #endif
| #ifdef HAVE_STDLIB_H
| # include <stdlib.h>
| #endif
| #ifdef HAVE_STRING_H
| # include <string.h>
| #endif
| #ifdef HAVE_INTTYPES_H
| # include <inttypes.h>
| #endif
| #ifdef HAVE_STDINT_H
| # include <stdint.h>
| #endif
| #ifdef HAVE_STRINGS_H
| # include <strings.h>
| #endif
| #ifdef HAVE_SYS_TYPES_H
| # include <sys/types.h>
| #endif
| #ifdef HAVE_SYS_STAT_H
| # include <sys/stat.h>
| #endif
| #ifdef HAVE_UNISTD_H
| # include <unistd.h>
| #endif
| int
| main (void)
| {
| #ifndef __SUNPRO_C
| #ifdef __cplusplus
|   (void) __SUNPRO_C;
| #else
|   (void) __SUNPRO_C;
| #endif
| #endif
| 
|   ;
|   return 0;
| }
configure:5321: result: no
configure:5350: checking for gcc option to accept ISO C99
configure:5500: gcc  -c -g -O2 -pthread  conftest.c >&5
configure:5500: $? = 0
configure:5514: result: none needed
configure:5628: checking for sasl/sasl.h
configure:5628: gcc -c -g -O2 -pthread  conftest.c >&5
conftest.c:49:10: fatal error: sasl/sasl.h: No such file or directory
   49 | #include <sasl/sasl.h>
      |          ^~~~~~~~~~~~~
compilation terminated.
configure:5628: $? = 1
configure: failed program was:
| /* confdefs.h */
| #define PACKAGE_NAME "memcached"
| #define PACKAGE_TARNAME "memcached"
| #define PACKAGE_VERSION "1.6.24"
| #define PACKAGE_STRING "memcached 1.6.24"
| #define PACKAGE_BUGREPORT "memcached@googlegroups.com"
| #define PACKAGE_URL ""
| #define PACKAGE "memcached"
| #define VERSION "1.6.24"
| #define HAVE_STDIO_H 1
| #define HAVE_STDLIB_H 1
| #define HAVE_STRING_H 1
| #define HAVE_INTTYPES_H 1
| #define HAVE_STDINT_H 1
| #define HAVE_STRINGS_H 1
| #define HAVE_SYS_STAT_H 1
| #define HAVE_SYS_TYPES_H 1
| #define HAVE_UNISTD_H 1
| #define STDC_HEADERS 1
| /* end confdefs.h.  */
| #include <stddef.h>
| #ifdef HAVE_STDIO_H
| # include <stdio.h>
| #endif
| #ifdef HAVE_STDLIB_H
| # include <stdlib.h>
| #endif
| #ifdef HAVE_STRING_H
| # include <string.h>
| #endif
| #ifdef HAVE_INTTYPES_H
| # include <inttypes.h>
| #endif
| #ifdef HAVE_STDINT_H
| # include <stdint.h>
| #endif
| #ifdef HAVE_STRINGS_H
| # include <strings.h>
| #endif
| #ifdef HAVE_SYS_TYPES_H
| # include <sys/types.h>
| #endif
| #ifdef HAVE_SYS_STAT_H
| # include <sys/stat.h>
| #endif
| #ifdef HAVE_UNISTD_H
| # include <unistd.h>
| #endif
| #include <sasl/sasl.h>
configure:5628: result: no
configure:6036: checking for gcov
configure:6059: found /usr/bin/gcov
configure:6072: result: /usr/bin/gcov
configure:6082: checking for main in -lgcov
configure:6102: gcc -o conftest -g -O2 -pthread -pthread   conftest.c -lgcov   >&5
configure:6102: $? = 0
configure:6112: result: yes
configure:6287: checking size of void *
configure:6293: gcc -o conftest -g -O2 -pthread -pthread   conftest.c  >&5
configure:6293: $? = 0
configure:6293: ./conftest
configure:6293: $? = 0
configure:6308: result: 8
configure:6319: checking for library containing clock_gettime
configure:6349: gcc -o conftest -g -O2 -pthread -pthread   conftest.c  >&5
configure:6349: $? = 0
configure:6369: result: none required
configure:6380: checking for library containing socket
configure:6410: gcc -o conftest -g -O2 -pthread -pthread   conftest.c  >&5
configure:6410: $? = 0
configure:6430: result: none required
configure:6439: checking for library containing gethostbyname
configure:6469: gcc -o conftest -g -O2 -pthread -pthread   conftest.c  >&5
configure:6469: $? = 0
configure:6489: result: none required
configure:6516: checking for libevent directory
configure:6561: gcc -o conftest -g -O2 -pthread -pthread   conftest.c -levent  >&5
configure:6561: $? = 0
configure:6600: result: (system)
configure:6639: gcc -o conftest -g -O2 -pthread -pthread   conftest.c -levent  >&5
configure:6639: $? = 0
configure:6639: ./conftest
configure:6639: $? = 0
configure:6730: checking for pkg-config
configure:6753: found /usr/bin/pkg-config
configure:6765: result: /usr/bin/pkg-config
configure:6790: checking pkg-config is at least version 0.9.0
configure:6793: result: yes
configure:7090: checking for library containing gethugepagesizes
configure:7120: gcc -o conftest -g -O2 -pthread -pthread   conftest.c -levent  >&5
/usr/bin/ld: /tmp/cc9hWaLE.o: in function `main':
/users/chenqh23/Ditto/applications/memcached-1.6.24/conftest.c:32: undefined reference to `gethugepagesizes'
collect2: error: ld returned 1 exit status
configure:7120: $? = 1
configure: failed program was:
| /* confdefs.h */
| #define PACKAGE_NAME "memcached"
| #define PACKAGE_TARNAME "memcached"
| #define PACKAGE_VERSION "1.6.24"
| #define PACKAGE_STRING "memcached 1.6.24"
| #define PACKAGE_BUGREPORT "memcached@googlegroups.com"
| #define PACKAGE_URL ""
| #define PACKAGE "memcached"
| #define VERSION "1.6.24"
| #define HAVE_STDIO_H 1
| #define HAVE_STDLIB_H 1
| #define HAVE_STRING_H 1
| #define HAVE_INTTYPES_H 1
| #define HAVE_STDINT_H 1
| #define HAVE_STRINGS_H 1
| #define HAVE_SYS_STAT_H 1
| #define HAVE_SYS_TYPES_H 1
| #define HAVE_UNISTD_H 1
| #define STDC_HEADERS 1
| #define EXTSTORE 1
| #define SIZEOF_VOID_P 8
| #define HAVE_LIBEVENT_NEW 1
| /* end confdefs.h.  */
| 
| /* Override any GCC internal prototype to avoid an error.
|    Use char because int might match the return type of a GCC
|    builtin and then its argument prototype would still apply.  */
| char gethugepagesizes ();
| int
| main (void)
| {
| return gethugepagesizes ();
|   ;
|   return 0;
| }
configure:7120: gcc -o conftest -g -O2 -pthread -pthread   conftest.c -lhugetlbfs  -levent  >&5
/usr/bin/ld: cannot find -lhugetlbfs
collect2: error: ld returned 1 exit status
configure:7120: $? = 1
configure: failed program was:
| /* confdefs.h */
| #define PACKAGE_NAME "memcached"
| #define PACKAGE_TARNAME "memcached"
| #define PACKAGE_VERSION "1.6.24"
| #define PACKAGE_STRING "memcached 1.6.24"
| #define PACKAGE_BUGREPORT "memcached@googlegroups.com"
| #define PACKAGE_URL ""
| #define PACKAGE "memcached"
| #define VERSION "1.6.24"
| #define HAVE_STDIO_H 1
| #define HAVE_STDLIB_H 1
| #define HAVE_STRING_H 1
| #define HAVE_INTTYPES_H 1
| #define HAVE_STDINT_H 1
| #define HAVE_STRINGS_H 1
| #define HAVE_SYS_STAT_H 1
| #define HAVE_SYS_TYPES_H 1
| #define HAVE_UNISTD_H 1
| #define STDC_HEADERS 1
| #define EXTSTORE 1
| #define SIZEOF_VOID_P 8
| #define HAVE_LIBEVENT_NEW 1
| /* end confdefs.h.  */
| 
| /* Override any GCC internal prototype to avoid an error.
|    Use char because int might match the return type of a GCC
|    builtin and then its argument prototype would still apply.  */
| char gethugepagesizes ();
| int
| main (void)
| {
| return gethugepagesizes ();
|   ;
|   return 0;
| }
configure:7140: result: no
configure:7150: checking for _Bool
configure:7150: gcc -c -g -O2 -pthread -pthread  conftest.c >&5
configure:7150: $? = 0
configure:7150: gcc -c -g -O2 -pthread -pthread  conftest.c >&5
conftest.c: In function 'main':
conftest.c:55:20: error: expected expression before ')' token
   55 | if (sizeof ((_Bool)))
      |                    ^
configure:7150: $? = 1
configure: failed program was:
| /* confdefs.h */
| #define PACKAGE_NAME "memcached"
| #define PACKAGE_TARNAME "memcached"
| #define PACKAGE_VERSION "1.6.24"
| #define PACKAGE_STRING "memcached 1.6.24"
| #define PACKAGE_BUGREPORT "memcached@googlegroups.com"
| #define PACKAGE_URL ""
| #define PACKAGE "memcached"
| #define VERSION "1.6.24"
| #define HAVE_STDIO_H 1
| #define HAVE_STDLIB_H 1
| #define HAVE_STRING_H 1
| #define HAVE_INTTYPES_H 1
| #define HAVE_STDINT_H 1
| #define HAVE_STRINGS_H 1
| #define HAVE_SYS_STAT_H 1
| #define HAVE_SYS_TYPES_H 1
| #define HAVE_UNISTD_H 1
| #define STDC_HEADERS 1
| #define EXTSTORE 1
| #define SIZEOF_VOID_P 8
| #define HAVE_LIBEVENT_NEW 1
| /* end confdefs.h.  */
| #include <stddef.h>
| #ifdef HAVE_STDIO_H
| # include <stdio.h>
| #endif
| #ifdef HAVE_STDLIB_H
| # include <stdlib.h>
| #endif
| #ifdef HAVE_STRING_H
| # include <string.h>
| #endif
| #ifdef HAVE_INTTYPES_H
| # include <inttypes.h>
| #endif
| #ifdef HAVE_STDINT_H
| # include <stdint.h>
| #endif
| #ifdef HAVE_STRINGS_H
| # include <strings.h>
| #endif
| #ifdef HAVE_SYS_TYPES_H
| # include <sys/types.h>
| #endif
| #ifdef HAVE_SYS_STAT_H
| # include <sys/stat.h>
| #endif
| #ifdef HAVE_UNISTD_H
| # include <unistd.h>
| #endif
| int
| main (void)
| {
| if (sizeof ((_Bool)))
| 	    return 0;
|   ;
|   return 0;
| }
configure:7150: result: yes
configure:7159: checking for stdbool.h that conforms to C99
configure:7275: gcc -c -g -O2 -pthread -pthread  conftest.c >&5
configure:7275: $? = 0
configure:7283: result: yes
configure:7294: checking for inttypes.h
configure:7294: result: yes
configure:7302: checking for sys/auxv.h
configure:7302: gcc -c -g -O2 -pthread -pthread  conftest.c >&5
configure:7302: $? = 0
configure:7302: result: yes
configure:7313: checking for sasl_callback_ft
configure:7338: gcc -c -g -O2 -pthread -pthread  conftest.c >&5
conftest.c: In function 'main':
conftest.c:38:5: error: unknown type name 'sasl_callback_ft'
   38 |     sasl_callback_ft a_callback;
      |     ^~~~~~~~~~~~~~~~
configure:7338: $? = 1
configure: failed program was:
| /* confdefs.h */
| #define PACKAGE_NAME "memcached"
| #define PACKAGE_TARNAME "memcached"
| #define PACKAGE_VERSION "1.6.24"
| #define PACKAGE_STRING "memcached 1.6.24"
| #define PACKAGE_BUGREPORT "memcached@googlegroups.com"
| #define PACKAGE_URL ""
| #define PACKAGE "memcached"
| #define VERSION "1.6.24"
| #define HAVE_STDIO_H 1
| #define HAVE_STDLIB_H 1
| #define HAVE_STRING_H 1
| #define HAVE_INTTYPES_H 1
| #define HAVE_STDINT_H 1
| #define HAVE_STRINGS_H 1
| #define HAVE_SYS_STAT_H 1
| #define HAVE_SYS_TYPES_H 1
| #define HAVE_UNISTD_H 1
| #define STDC_HEADERS 1
| #define EXTSTORE 1
| #define SIZEOF_VOID_P 8
| #define HAVE_LIBEVENT_NEW 1
| #define HAVE__BOOL 1
| #define HAVE_STDBOOL_H 1
| #define HAVE_INTTYPES_H 1
| #define HAVE_SYS_AUXV_H 1
| /* end confdefs.h.  */
| 
|     #ifdef HAVE_SASL_SASL_H
|     #include <sasl/sasl.h>
|     #include <sasl/saslplug.h>
|     #endif
| 
| int
| main (void)
| {
| 
|     sasl_callback_ft a_callback;
| 
|   ;
|   return 0;
| }
configure:7351: result: no
configure:7363: checking for print macros for integers (C99 section 7.8.1)
configure:7388: gcc -c -g -O2 -pthread -pthread  conftest.c >&5
configure:7388: $? = 0
configure:7397: result: yes
configure:7414: checking for an ANSI C-conforming const
configure:7481: gcc -c -g -O2 -pthread -pthread  conftest.c >&5
configure:7481: $? = 0
configure:7489: result: yes
configure:7500: checking for socklen_t
configure:7523: gcc -c -g -O2 -pthread -pthread  conftest.c >&5
configure:7523: $? = 0
configure:7536: result: yes
configure:7545: checking whether byte ordering is bigendian
configure:7561: gcc -c -g -O2 -pthread -pthread  conftest.c >&5
conftest.c:29:9: error: unknown type name 'not'
   29 |         not a universal capable compiler
      |         ^~~
conftest.c:29:15: error: expected '=', ',', ';', 'asm' or '__attribute__' before 'universal'
   29 |         not a universal capable compiler
      |               ^~~~~~~~~
conftest.c:29:15: error: unknown type name 'universal'
configure:7561: $? = 1
configure: failed program was:
| /* confdefs.h */
| #define PACKAGE_NAME "memcached"
| #define PACKAGE_TARNAME "memcached"
| #define PACKAGE_VERSION "1.6.24"
| #define PACKAGE_STRING "memcached 1.6.24"
| #define PACKAGE_BUGREPORT "memcached@googlegroups.com"
| #define PACKAGE_URL ""
| #define PACKAGE "memcached"
| #define VERSION "1.6.24"
| #define HAVE_STDIO_H 1
| #define HAVE_STDLIB_H 1
| #define HAVE_STRING_H 1
| #define HAVE_INTTYPES_H 1
| #define HAVE_STDINT_H 1
| #define HAVE_STRINGS_H 1
| #define HAVE_SYS_STAT_H 1
| #define HAVE_SYS_TYPES_H 1
| #define HAVE_UNISTD_H 1
| #define STDC_HEADERS 1
| #define EXTSTORE 1
| #define SIZEOF_VOID_P 8
| #define HAVE_LIBEVENT_NEW 1
| #define HAVE__BOOL 1
| #define HAVE_STDBOOL_H 1
| #define HAVE_INTTYPES_H 1
| #define HAVE_SYS_AUXV_H 1
| /* end confdefs.h.  */
| #ifndef __APPLE_CC__
| 	       not a universal capable compiler
| 	     #endif
| 	     typedef int dummy;
| 
configure:7607: gcc -c -g -O2 -pthread -pthread  conftest.c >&5
configure:7607: $? = 0
configure:7626: gcc -c -g -O2 -pthread -pthread  conftest.c >&5
conftest.c: In function 'main':
conftest.c:35:4: error: unknown type name 'not'; did you mean 'ino_t'?
   35 |    not big endian
      |    ^~~
      |    ino_t
conftest.c:35:12: error: expected '=', ',', ';', 'asm' or '__attribute__' before 'endian'
   35 |    not big endian
      |            ^~~~~~
configure:7626: $? = 1
configure: failed program was:
| /* confdefs.h */
| #define PACKAGE_NAME "memcached"
| #define PACKAGE_TARNAME "memcached"
| #define PACKAGE_VERSION "1.6.24"
| #define PACKAGE_STRING "memcached 1.6.24"
| #define PACKAGE_BUGREPORT "memcached@googlegroups.com"
| #define PACKAGE_URL ""
| #define PACKAGE "memcached"
| #define VERSION "1.6.24"
| #define HAVE_STDIO_H 1
| #define HAVE_STDLIB_H 1
| #define HAVE_STRING_H 1
| #define HAVE_INTTYPES_H 1
| #define HAVE_STDINT_H 1
| #define HAVE_STRINGS_H 1
| #define HAVE_SYS_STAT_H 1
| #define HAVE_SYS_TYPES_H 1
| #define HAVE_UNISTD_H 1
| #define STDC_HEADERS 1
| #define EXTSTORE 1
| #define SIZEOF_VOID_P 8
| #define HAVE_LIBEVENT_NEW 1
| #define HAVE__BOOL 1
| #define HAVE_STDBOOL_H 1
| #define HAVE_INTTYPES_H 1
| #define HAVE_SYS_AUXV_H 1
| /* end confdefs.h.  */
| #include <sys/types.h>
| 		#include <sys/param.h>
| 
| int
| main (void)
| {
| #if BYTE_ORDER != BIG_ENDIAN
| 		 not big endian
| 		#endif
| 
|   ;
|   return 0;
| }
configure:7760: result: no
configure:7784: checking for htonll
configure:7806: gcc -o conftest -g -O2 -pthread -pthread   conftest.c -levent  >&5
conftest.c:33:23: warning: extra tokens at end of #include directive
   33 | #include <inttypes.h> */
      |                       ^
conftest.c: In function 'main':
conftest.c:40:18: warning: implicit declaration of function 'htonll'; did you mean 'htonl'? [-Wimplicit-function-declaration]
   40 |           return htonll(0);
      |                  ^~~~~~
      |                  htonl
/usr/bin/ld: /tmp/ccvVvjuz.o: in function `main':
/users/chenqh23/Ditto/applications/memcached-1.6.24/conftest.c:40: undefined reference to `htonll'
collect2: error: ld returned 1 exit status
configure:7806: $? = 1
configure: failed program was:
| /* confdefs.h */
| #define PACKAGE_NAME "memcached"
| #define PACKAGE_TARNAME "memcached"
| #define PACKAGE_VERSION "1.6.24"
| #define PACKAGE_STRING "memcached 1.6.24"
| #define PACKAGE_BUGREPORT "memcached@googlegroups.com"
| #define PACKAGE_URL ""
| #define PACKAGE "memcached"
| #define VERSION "1.6.24"
| #define HAVE_STDIO_H 1
| #define HAVE_STDLIB_H 1
| #define HAVE_STRING_H 1
| #define HAVE_INTTYPES_H 1
| #define HAVE_STDINT_H 1
| #define HAVE_STRINGS_H 1
| #define HAVE_SYS_STAT_H 1
| #define HAVE_SYS_TYPES_H 1
| #define HAVE_UNISTD_H 1
| #define STDC_HEADERS 1
| #define EXTSTORE 1
| #define SIZEOF_VOID_P 8
| #define HAVE_LIBEVENT_NEW 1
| #define HAVE__BOOL 1
| #define HAVE_STDBOOL_H 1
| #define HAVE_INTTYPES_H 1
| #define HAVE_SYS_AUXV_H 1
| #define ENDIAN_LITTLE 1
| /* end confdefs.h.  */
| 
| #include <sys/types.h>
| #include <netinet/in.h>
| #ifdef HAVE_INTTYPES_H
| #include <inttypes.h> */
| #endif
| 
| int
| main (void)
| {
| 
|           return htonll(0);
| 
|   ;
|   return 0;
| }
configure:7822: result: no
configure:7826: checking for library containing pthread_create
configure:7856: gcc -o conftest -g -O2 -pthread -pthread   conftest.c -levent  >&5
configure:7856: $? = 0
configure:7876: result: none required
configure:7889: checking for mlockall
configure:7889: gcc -o conftest -g -O2 -pthread -pthread   conftest.c -levent  >&5
configure:7889: $? = 0
configure:7889: result: yes
configure:7896: checking for getpagesizes
configure:7896: gcc -o conftest -g -O2 -pthread -pthread   conftest.c -levent  >&5
/usr/bin/ld: /tmp/cc5yJ5wc.o: in function `main':
/users/chenqh23/Ditto/applications/memcached-1.6.24/conftest.c:57: undefined reference to `getpagesizes'
collect2: error: ld returned 1 exit status
configure:7896: $? = 1
configure: failed program was:
| /* confdefs.h */
| #define PACKAGE_NAME "memcached"
| #define PACKAGE_TARNAME "memcached"
| #define PACKAGE_VERSION "1.6.24"
| #define PACKAGE_STRING "memcached 1.6.24"
| #define PACKAGE_BUGREPORT "memcached@googlegroups.com"
| #define PACKAGE_URL ""
| #define PACKAGE "memcached"
| #define VERSION "1.6.24"
| #define HAVE_STDIO_H 1
| #define HAVE_STDLIB_H 1
| #define HAVE_STRING_H 1
| #define HAVE_INTTYPES_H 1
| #define HAVE_STDINT_H 1
| #define HAVE_STRINGS_H 1
| #define HAVE_SYS_STAT_H 1
| #define HAVE_SYS_TYPES_H 1
| #define HAVE_UNISTD_H 1
| #define STDC_HEADERS 1
| #define EXTSTORE 1
| #define SIZEOF_VOID_P 8
| #define HAVE_LIBEVENT_NEW 1
| #define HAVE__BOOL 1
| #define HAVE_STDBOOL_H 1
| #define HAVE_INTTYPES_H 1
| #define HAVE_SYS_AUXV_H 1
| #define ENDIAN_LITTLE 1
| #define HAVE_MLOCKALL 1
| /* end confdefs.h.  */
| /* Define getpagesizes to an innocuous variant, in case <limits.h> declares getpagesizes.
|    For example, HP-UX 11i <limits.h> declares gettimeofday.  */
| #define getpagesizes innocuous_getpagesizes
| 
| /* System header to define __stub macros and hopefully few prototypes,
|    which can conflict with char getpagesizes (); below.  */
| 
| #include <limits.h>
| #undef getpagesizes
| 
| /* Override any GCC internal prototype to avoid an error.
|    Use char because int might match the return type of a GCC
|    builtin and then its argument prototype would still apply.  */
| #ifdef __cplusplus
| extern "C"
| #endif
| char getpagesizes ();
| /* The GNU C library defines this for functions which it implements
|     to always fail with ENOSYS.  Some functions are actually named
|     something starting with __ and the normal name is an alias.  */
| #if defined __stub_getpagesizes || defined __stub___getpagesizes
| choke me
| #endif
| 
| int
| main (void)
| {
| return getpagesizes ();
|   ;
|   return 0;
| }
configure:7896: result: no
configure:7903: checking for sysconf
configure:7903: gcc -o conftest -g -O2 -pthread -pthread   conftest.c -levent  >&5
configure:7903: $? = 0
configure:7903: result: yes
configure:7910: checking for memcntl
configure:7910: gcc -o conftest -g -O2 -pthread -pthread   conftest.c -levent  >&5
/usr/bin/ld: /tmp/cc6ICpAZ.o: in function `main':
/users/chenqh23/Ditto/applications/memcached-1.6.24/conftest.c:58: undefined reference to `memcntl'
collect2: error: ld returned 1 exit status
configure:7910: $? = 1
configure: failed program was:
| /* confdefs.h */
| #define PACKAGE_NAME "memcached"
| #define PACKAGE_TARNAME "memcached"
| #define PACKAGE_VERSION "1.6.24"
| #define PACKAGE_STRING "memcached 1.6.24"
| #define PACKAGE_BUGREPORT "memcached@googlegroups.com"
| #define PACKAGE_URL ""
| #define PACKAGE "memcached"
| #define VERSION "1.6.24"
| #define HAVE_STDIO_H 1
| #define HAVE_STDLIB_H 1
| #define HAVE_STRING_H 1
| #define HAVE_INTTYPES_H 1
| #define HAVE_STDINT_H 1
| #define HAVE_STRINGS_H 1
| #define HAVE_SYS_STAT_H 1
| #define HAVE_SYS_TYPES_H 1
| #define HAVE_UNISTD_H 1
| #define STDC_HEADERS 1
| #define EXTSTORE 1
| #define SIZEOF_VOID_P 8
| #define HAVE_LIBEVENT_NEW 1
| #define HAVE__BOOL 1
| #define HAVE_STDBOOL_H 1
| #define HAVE_INTTYPES_H 1
| #define HAVE_SYS_AUXV_H 1
| #define ENDIAN_LITTLE 1
| #define HAVE_MLOCKALL 1
| #define HAVE_SYSCONF 1
| /* end confdefs.h.  */
| /* Define memcntl to an innocuous variant, in case <limits.h> declares memcntl.
|    For example, HP-UX 11i <limits.h> declares gettimeofday.  */
| #define memcntl innocuous_memcntl
| 
| /* System header to define __stub macros and hopefully few prototypes,
|    which can conflict with char memcntl (); below.  */
| 
| #include <limits.h>
| #undef memcntl
| 
| /* Override any GCC internal prototype to avoid an error.
|    Use char because int might match the return type of a GCC
|    builtin and then its argument prototype would still apply.  */
| #ifdef __cplusplus
| extern "C"
| #endif
| char memcntl ();
| /* The GNU C library defines this for functions which it implements
|     to always fail with ENOSYS.  Some functions are actually named
|     something starting with __ and the normal name is an alias.  */
| #if defined __stub_memcntl || defined __stub___memcntl
| choke me
| #endif
| 
| int
| main (void)
| {
| return memcntl ();
|   ;
|   return 0;
| }
configure:7910: result: no
configure:7917: checking for clock_gettime
configure:7917: gcc -o conftest -g -O2 -pthread -pthread   conftest.c -levent  >&5
configure:7917: $? = 0
configure:7917: result: yes
configure:7924: checking for preadv
configure:7924: gcc -o conftest -g -O2 -pthread -pthread   conftest.c -levent  >&5
configure:7924: $? = 0
configure:7924: result: yes
configure:7931: checking for pread
configure:7931: gcc -o conftest -g -O2 -pthread -pthread   conftest.c -levent  >&5
configure:7931: $? = 0
configure:7931: result: yes
configure:7938: checking for eventfd
configure:7938: gcc -o conftest -g -O2 -pthread -pthread   conftest.c -levent  >&5
configure:7938: $? = 0
configure:7938: result: yes
configure:7948: checking for accept4
configure:7948: gcc -o conftest -g -O2 -pthread -pthread   conftest.c -levent  >&5
configure:7948: $? = 0
configure:7948: result: yes
configure:7961: checking for getopt_long
configure:7961: gcc -o conftest -g -O2 -pthread -pthread   conftest.c -levent  >&5
configure:7961: $? = 0
configure:7961: result: yes
configure:7974: checking for alignment
configure:8023: gcc -o conftest -g -O2 -pthread -pthread   conftest.c -levent  >&5
configure:8023: $? = 0
configure:8023: ./conftest
configure:8023: $? = 0
configure:8039: result: none
configure:8058: checking for GCC atomics
configure:8076: gcc -o conftest -g -O2 -pthread -pthread   conftest.c -levent  >&5
configure:8076: $? = 0
configure:8085: result: yes
configure:8089: checking for GCC 64bit atomics
configure:8108: gcc -o conftest -g -O2 -pthread -pthread   conftest.c -levent  >&5
configure:8108: $? = 0
configure:8117: result: yes
configure:8123: checking for setppriv
configure:8123: gcc -o conftest -g -O2 -pthread -pthread   conftest.c -levent  >&5
/usr/bin/ld: /tmp/ccXBq8FV.o: in function `main':
/users/chenqh23/Ditto/applications/memcached-1.6.24/conftest.c:68: undefined reference to `setppriv'
collect2: error: ld returned 1 exit status
configure:8123: $? = 1
configure: failed program was:
| /* confdefs.h */
| #define PACKAGE_NAME "memcached"
| #define PACKAGE_TARNAME "memcached"
| #define PACKAGE_VERSION "1.6.24"
| #define PACKAGE_STRING "memcached 1.6.24"
| #define PACKAGE_BUGREPORT "memcached@googlegroups.com"
| #define PACKAGE_URL ""
| #define PACKAGE "memcached"
| #define VERSION "1.6.24"
| #define HAVE_STDIO_H 1
| #define HAVE_STDLIB_H 1
| #define HAVE_STRING_H 1
| #define HAVE_INTTYPES_H 1
| #define HAVE_STDINT_H 1
| #define HAVE_STRINGS_H 1
| #define HAVE_SYS_STAT_H 1
| #define HAVE_SYS_TYPES_H 1
| #define HAVE_UNISTD_H 1
| #define STDC_HEADERS 1
| #define EXTSTORE 1
| #define SIZEOF_VOID_P 8
| #define HAVE_LIBEVENT_NEW 1
| #define HAVE__BOOL 1
| #define HAVE_STDBOOL_H 1
| #define HAVE_INTTYPES_H 1
| #define HAVE_SYS_AUXV_H 1
| #define ENDIAN_LITTLE 1
| #define HAVE_MLOCKALL 1
| #define HAVE_SYSCONF 1
| #define HAVE_CLOCK_GETTIME 1
| #define HAVE_PREADV 1
| #define HAVE_PREAD 1
| #define HAVE_EVENTFD 1
| #define HAVE_ACCEPT4 1
| #define HAVE_ACCEPT4 1
| #define HAVE_GETOPT_LONG 1
| #define HAVE_GETOPT_LONG 1
| #define HAVE_GCC_ATOMICS 1
| #define HAVE_GCC_64ATOMICS 1
| /* end confdefs.h.  */
| /* Define setppriv to an innocuous variant, in case <limits.h> declares setppriv.
|    For example, HP-UX 11i <limits.h> declares gettimeofday.  */
| #define setppriv innocuous_setppriv
| 
| /* System header to define __stub macros and hopefully few prototypes,
|    which can conflict with char setppriv (); below.  */
| 
| #include <limits.h>
| #undef setppriv
| 
| /* Override any GCC internal prototype to avoid an error.
|    Use char because int might match the return type of a GCC
|    builtin and then its argument prototype would still apply.  */
| #ifdef __cplusplus
| extern "C"
| #endif
| char setppriv ();
| /* The GNU C library defines this for functions which it implements
|     to always fail with ENOSYS.  Some functions are actually named
|     something starting with __ and the normal name is an alias.  */
| #if defined __stub_setppriv || defined __stub___setppriv
| choke me
| #endif
| 
| int
| main (void)
| {
| return setppriv ();
|   ;
|   return 0;
| }
configure:8123: result: no
configure:8202: checking for pledge
configure:8202: gcc -o conftest -g -O2 -pthread -pthread   conftest.c -levent  >&5
/usr/bin/ld: /tmp/ccwrP36Y.o: in function `main':
/users/chenqh23/Ditto/applications/memcached-1.6.24/conftest.c:68: undefined reference to `pledge'
collect2: error: ld returned 1 exit status
configure:8202: $? = 1
configure: failed program was:
| /* confdefs.h */
| #define PACKAGE_NAME "memcached"
| #define PACKAGE_TARNAME "memcached"
| #define PACKAGE_VERSION "1.6.24"
| #define PACKAGE_STRING "memcached 1.6.24"
| #define PACKAGE_BUGREPORT "memcached@googlegroups.com"
| #define PACKAGE_URL ""
| #define PACKAGE "memcached"
| #define VERSION "1.6.24"
| #define HAVE_STDIO_H 1
| #define HAVE_STDLIB_H 1
| #define HAVE_STRING_H 1
| #define HAVE_INTTYPES_H 1
| #define HAVE_STDINT_H 1
| #define HAVE_STRINGS_H 1
| #define HAVE_SYS_STAT_H 1
| #define HAVE_SYS_TYPES_H 1
| #define HAVE_UNISTD_H 1
| #define STDC_HEADERS 1
| #define EXTSTORE 1
| #define SIZEOF_VOID_P 8
| #define HAVE_LIBEVENT_NEW 1
| #define HAVE__BOOL 1
| #define HAVE_STDBOOL_H 1
| #define HAVE_INTTYPES_H 1
| #define HAVE_SYS_AUXV_H 1
| #define ENDIAN_LITTLE 1
| #define HAVE_MLOCKALL 1
| #define HAVE_SYSCONF 1
| #define HAVE_CLOCK_GETTIME 1
| #define HAVE_PREADV 1
| #define HAVE_PREAD 1
| #define HAVE_EVENTFD 1
| #define HAVE_ACCEPT4 1
| #define HAVE_ACCEPT4 1
| #define HAVE_GETOPT_LONG 1
| #define HAVE_GETOPT_LONG 1
| #define HAVE_GCC_ATOMICS 1
| #define HAVE_GCC_64ATOMICS 1
| /* end confdefs.h.  */
| /* Define pledge to an innocuous variant, in case <limits.h> declares pledge.
|    For example, HP-UX 11i <limits.h> declares gettimeofday.  */
| #define pledge innocuous_pledge
| 
| /* System header to define __stub macros and hopefully few prototypes,
|    which can conflict with char pledge (); below.  */
| 
| #include <limits.h>
| #undef pledge
| 
| /* Override any GCC internal prototype to avoid an error.
|    Use char because int might match the return type of a GCC
|    builtin and then its argument prototype would still apply.  */
| #ifdef __cplusplus
| extern "C"
| #endif
| char pledge ();
| /* The GNU C library defines this for functions which it implements
|     to always fail with ENOSYS.  Some functions are actually named
|     something starting with __ and the normal name is an alias.  */
| #if defined __stub_pledge || defined __stub___pledge
| choke me
| #endif
| 
| int
| main (void)
| {
| return pledge ();
|   ;
|   return 0;
| }
configure:8202: result: no
configure:8226: checking for cap_enter
configure:8226: gcc -o conftest -g -O2 -pthread -pthread   conftest.c -levent  >&5
/usr/bin/ld: /tmp/ccTHdm05.o: in function `main':
/users/chenqh23/Ditto/applications/memcached-1.6.24/conftest.c:68: undefined reference to `cap_enter'
collect2: error: ld returned 1 exit status
configure:8226: $? = 1
configure: failed program was:
| /* confdefs.h */
| #define PACKAGE_NAME "memcached"
| #define PACKAGE_TARNAME "memcached"
| #define PACKAGE_VERSION "1.6.24"
| #define PACKAGE_STRING "memcached 1.6.24"
| #define PACKAGE_BUGREPORT "memcached@googlegroups.com"
| #define PACKAGE_URL ""
| #define PACKAGE "memcached"
| #define VERSION "1.6.24"
| #define HAVE_STDIO_H 1
| #define HAVE_STDLIB_H 1
| #define HAVE_STRING_H 1
| #define HAVE_INTTYPES_H 1
| #define HAVE_STDINT_H 1
| #define HAVE_STRINGS_H 1
| #define HAVE_SYS_STAT_H 1
| #define HAVE_SYS_TYPES_H 1
| #define HAVE_UNISTD_H 1
| #define STDC_HEADERS 1
| #define EXTSTORE 1
| #define SIZEOF_VOID_P 8
| #define HAVE_LIBEVENT_NEW 1
| #define HAVE__BOOL 1
| #define HAVE_STDBOOL_H 1
| #define HAVE_INTTYPES_H 1
| #define HAVE_SYS_AUXV_H 1
| #define ENDIAN_LITTLE 1
| #define HAVE_MLOCKALL 1
| #define HAVE_SYSCONF 1
| #define HAVE_CLOCK_GETTIME 1
| #define HAVE_PREADV 1
| #define HAVE_PREAD 1
| #define HAVE_EVENTFD 1
| #define HAVE_ACCEPT4 1
| #define HAVE_ACCEPT4 1
| #define HAVE_GETOPT_LONG 1
| #define HAVE_GETOPT_LONG 1
| #define HAVE_GCC_ATOMICS 1
| #define HAVE_GCC_64ATOMICS 1
| /* end confdefs.h.  */
| /* Define cap_enter to an innocuous variant, in case <limits.h> declares cap_enter.
|    For example, HP-UX 11i <limits.h> declares gettimeofday.  */
| #define cap_enter innocuous_cap_enter
| 
| /* System header to define __stub macros and hopefully few prototypes,
|    which can conflict with char cap_enter (); below.  */
| 
| #include <limits.h>
| #undef cap_enter
| 
| /* Override any GCC internal prototype to avoid an error.
|    Use char because int might match the return type of a GCC
|    builtin and then its argument prototype would still apply.  */
| #ifdef __cplusplus
| extern "C"
| #endif
| char cap_enter ();
| /* The GNU C library defines this for functions which it implements
|     to always fail with ENOSYS.  Some functions are actually named
|     something starting with __ and the normal name is an alias.  */
| #if defined __stub_cap_enter || defined __stub___cap_enter
| choke me
| #endif
| 
| int
| main (void)
| {
| return cap_enter ();
|   ;
|   return 0;
| }
configure:8226: result: no
configure:8250: checking for sandbox_init
configure:8250: gcc -o conftest -g -O2 -pthread -pthread   conftest.c -levent  >&5
/usr/bin/ld: /tmp/ccCN3V85.o: in function `main':
/users/chenqh23/Ditto/applications/memcached-1.6.24/conftest.c:68: undefined reference to `sandbox_init'
collect2: error: ld returned 1 exit status
configure:8250: $? = 1
configure: failed program was:
| /* confdefs.h */
| #define PACKAGE_NAME "memcached"
| #define PACKAGE_TARNAME "memcached"
| #define PACKAGE_VERSION "1.6.24"
| #define PACKAGE_STRING "memcached 1.6.24"
| #define PACKAGE_BUGREPORT "memcached@googlegroups.com"
| #define PACKAGE_URL ""
| #define PACKAGE "memcached"
| #define VERSION "1.6.24"
| #define HAVE_STDIO_H 1
| #define HAVE_STDLIB_H 1
| #define HAVE_STRING_H 1
| #define HAVE_INTTYPES_H 1
| #define HAVE_STDINT_H 1
| #define HAVE_STRINGS_H 1
| #define HAVE_SYS_STAT_H 1
| #define HAVE_SYS_TYPES_H 1
| #define HAVE_UNISTD_H 1
| #define STDC_HEADERS 1
| #define EXTSTORE 1
| #define SIZEOF_VOID_P 8
| #define HAVE_LIBEVENT_NEW 1
| #define HAVE__BOOL 1
| #define HAVE_STDBOOL_H 1
| #define HAVE_INTTYPES_H 1
| #define HAVE_SYS_AUXV_H 1
| #define ENDIAN_LITTLE 1
| #define HAVE_MLOCKALL 1
| #define HAVE_SYSCONF 1
| #define HAVE_CLOCK_GETTIME 1
| #define HAVE_PREADV 1
| #define HAVE_PREAD 1
| #define HAVE_EVENTFD 1
| #define HAVE_ACCEPT4 1
| #define HAVE_ACCEPT4 1
| #define HAVE_GETOPT_LONG 1
| #define HAVE_GETOPT_LONG 1
| #define HAVE_GCC_ATOMICS 1
| #define HAVE_GCC_64ATOMICS 1
| /* end confdefs.h.  */
| /* Define sandbox_init to an innocuous variant, in case <limits.h> declares sandbox_init.
|    For example, HP-UX 11i <limits.h> declares gettimeofday.  */
| #define sandbox_init innocuous_sandbox_init
| 
| /* System header to define __stub macros and hopefully few prototypes,
|    which can conflict with char sandbox_init (); below.  */
| 
| #include <limits.h>
| #undef sandbox_init
| 
| /* Override any GCC internal prototype to avoid an error.
|    Use char because int might match the return type of a GCC
|    builtin and then its argument prototype would still apply.  */
| #ifdef __cplusplus
| extern "C"
| #endif
| char sandbox_init ();
| /* The GNU C library defines this for functions which it implements
|     to always fail with ENOSYS.  Some functions are actually named
|     something starting with __ and the normal name is an alias.  */
| #if defined __stub_sandbox_init || defined __stub___sandbox_init
| choke me
| #endif
| 
| int
| main (void)
| {
| return sandbox_init ();
|   ;
|   return 0;
| }
configure:8250: result: no
configure:8323: checking for xml2rfc
configure:8359: result: no
configure:8369: checking for xsltproc
configure:8405: result: no
configure:8556: checking that generated files are newer than configure
configure:8562: result: done
configure:8662: creating ./config.status

## ---------------------- ##
## Running config.status. ##
## ---------------------- ##

This file was extended by memcached config.status 1.6.24, which was
generated by GNU Autoconf 2.71.  Invocation command line was

  CONFIG_FILES    = 
  CONFIG_HEADERS  = 
  CONFIG_LINKS    = 
  CONFIG_COMMANDS = 
  $ ./config.status 

on node-0.tryproject.ragger-pg0.utah.cloudlab.us

config.status:926: creating Makefile
config.status:926: creating doc/Makefile
config.status:926: creating config.h
config.status:1155: executing depfiles commands
config.status:1232: cd .       && sed -e '/# am--include-marker/d' Makefile         | make -f - am--depfiles
config.status:1237: $? = 0

## ---------------- ##
## Cache variables. ##
## ---------------- ##

ac_cv_build=x86_64-pc-linux-gnu
ac_cv_c_alignment=none
ac_cv_c_bigendian=no
ac_cv_c_compiler_gnu=yes
ac_cv_c_const=yes
ac_cv_c_socklen_t=yes
ac_cv_c_uint64_support=yes
ac_cv_c_undeclared_builtin_options='none needed'
ac_cv_env_CC_set=
ac_cv_env_CC_value=
ac_cv_env_CFLAGS_set=
ac_cv_env_CFLAGS_value=
ac_cv_env_CPPFLAGS_set=
ac_cv_env_CPPFLAGS_value=
ac_cv_env_CPP_set=
ac_cv_env_CPP_value=
ac_cv_env_LDFLAGS_set=
ac_cv_env_LDFLAGS_value=
ac_cv_env_LIBS_set=
ac_cv_env_LIBS_value=
ac_cv_env_OPENSSL_CFLAGS_set=
ac_cv_env_OPENSSL_CFLAGS_value=
ac_cv_env_OPENSSL_LIBS_set=
ac_cv_env_OPENSSL_LIBS_value=
ac_cv_env_PKG_CONFIG_LIBDIR_set=
ac_cv_env_PKG_CONFIG_LIBDIR_value=
ac_cv_env_PKG_CONFIG_PATH_set=
ac_cv_env_PKG_CONFIG_PATH_value=
ac_cv_env_PKG_CONFIG_set=
ac_cv_env_PKG_CONFIG_value=
ac_cv_env_build_alias_set=
ac_cv_env_build_alias_value=
ac_cv_env_host_alias_set=
ac_cv_env_host_alias_value=
ac_cv_env_target_alias_set=
ac_cv_env_target_alias_value=
ac_cv_func_accept4=yes
ac_cv_func_cap_enter=no
ac_cv_func_clock_gettime=yes
ac_cv_func_eventfd=yes
ac_cv_func_getopt_long=yes
ac_cv_func_getpagesizes=no
ac_cv_func_memcntl=no
ac_cv_func_mlockall=yes
ac_cv_func_pledge=no
ac_cv_func_pread=yes
ac_cv_func_preadv=yes
ac_cv_func_sandbox_init=no
ac_cv_func_setppriv=no
ac_cv_func_sysconf=yes
ac_cv_has_sasl_callback_ft=no
ac_cv_have_decl___SUNPRO_C=no
ac_cv_header_inttypes_h=yes
ac_cv_header_sasl_sasl_h=no
ac_cv_header_stdbool_h=yes
ac_cv_header_stdint_h=yes
ac_cv_header_stdio_h=yes
ac_cv_header_stdlib_h=yes
ac_cv_header_string_h=yes
ac_cv_header_strings_h=yes
ac_cv_header_sys_auxv_h=yes
ac_cv_header_sys_stat_h=yes
ac_cv_header_sys_types_h=yes
ac_cv_header_unistd_h=yes
ac_cv_host=x86_64-pc-linux-gnu
ac_cv_lib_gcov_main=yes
ac_cv_libevent_dir='(system)'
ac_cv_objext=o
ac_cv_path_EGREP='/usr/bin/grep -E'
ac_cv_path_GREP=/usr/bin/grep
ac_cv_path_PROFILER=/usr/bin/gcov
ac_cv_path_XML2RFC=no
ac_cv_path_XSLTPROC=no
ac_cv_path_ac_pt_PKG_CONFIG=/usr/bin/pkg-config
ac_cv_path_install='/usr/bin/install -c'
ac_cv_path_mkdir=/usr/bin/mkdir
ac_cv_prog_AWK=mawk
ac_cv_prog_CPP='gcc -E'
ac_cv_prog_ac_ct_CC=gcc
ac_cv_prog_cc_c11=
ac_cv_prog_cc_c99=
ac_cv_prog_cc_g=yes
ac_cv_prog_cc_stdc=
ac_cv_prog_make_make_set=yes
ac_cv_search_clock_gettime='none required'
ac_cv_search_gethostbyname='none required'
ac_cv_search_gethugepagesizes=no
ac_cv_search_pthread_create='none required'
ac_cv_search_socket='none required'
ac_cv_sizeof_void_p=8
ac_cv_type__Bool=yes
am_cv_CC_dependencies_compiler_type=gcc3
am_cv_make_support_nested_variables=yes
am_cv_prog_cc_c_o=yes

## ----------------- ##
## Output variables. ##
## ----------------- ##

ACLOCAL='${SHELL} '\''/users/chenqh23/Ditto/applications/memcached-1.6.24/missing'\'' aclocal-1.16'
AMDEPBACKSLASH='\'
AMDEP_FALSE='#'
AMDEP_TRUE=''
AMTAR='$${TAR-tar}'
AM_BACKSLASH='\'
AM_DEFAULT_V='$(AM_DEFAULT_VERBOSITY)'
AM_DEFAULT_VERBOSITY='1'
AM_V='$(V)'
AUTOCONF='${SHELL} '\''/users/chenqh23/Ditto/applications/memcached-1.6.24/missing'\'' autoconf'
AUTOHEADER='${SHELL} '\''/users/chenqh23/Ditto/applications/memcached-1.6.24/missing'\'' autoheader'
AUTOMAKE='${SHELL} '\''/users/chenqh23/Ditto/applications/memcached-1.6.24/missing'\'' automake-1.16'
AWK='mawk'
BUILD_DARWIN_PRIVS_FALSE=''
BUILD_DARWIN_PRIVS_TRUE='#'
BUILD_DTRACE_FALSE=''
BUILD_DTRACE_TRUE='#'
BUILD_FREEBSD_PRIVS_FALSE=''
BUILD_FREEBSD_PRIVS_TRUE='#'
BUILD_LINUX_PRIVS_FALSE=''
BUILD_LINUX_PRIVS_TRUE='#'
BUILD_OPENBSD_PRIVS_FALSE=''
BUILD_OPENBSD_PRIVS_TRUE='#'
BUILD_SOLARIS_PRIVS_FALSE=''
BUILD_SOLARIS_PRIVS_TRUE='#'
BUILD_SPECIFICATIONS_FALSE=''
BUILD_SPECIFICATIONS_TRUE='#'
CC='gcc'
CCDEPMODE='depmode=gcc3'
CFLAGS='-g -O2 -pthread -pthread -Wall -pedantic -Wmissing-prototypes -Wmissing-declarations -Wredundant-decls'
CPP='gcc -E'
CPPFLAGS=''
CSCOPE='cscope'
CTAGS='ctags'
CYGPATH_W='echo'
DARWIN_FALSE=''
DARWIN_TRUE='#'
DEFS='-DHAVE_CONFIG_H'
DEPDIR='.deps'
DISABLE_UNIX_SOCKET_FALSE=''
DISABLE_UNIX_SOCKET_TRUE='#'
DTRACE=''
DTRACEFLAGS=''
DTRACE_INSTRUMENT_OBJ_FALSE=''
DTRACE_INSTRUMENT_OBJ_TRUE='#'
ECHO_C=''
ECHO_N='-n'
ECHO_T=''
EGREP='/usr/bin/grep -E'
ENABLE_ARM_CRC32_FALSE=''
ENABLE_ARM_CRC32_TRUE='#'
ENABLE_ASAN_FALSE=''
ENABLE_ASAN_TRUE='#'
ENABLE_EXTSTORE_FALSE='#'
ENABLE_EXTSTORE_TRUE=''
ENABLE_PROXY_FALSE=''
ENABLE_PROXY_TRUE='#'
ENABLE_PROXY_URING_FALSE=''
ENABLE_PROXY_URING_TRUE='#'
ENABLE_SASL=''
ENABLE_SASL_FALSE=''
ENABLE_SASL_TRUE='#'
ENABLE_STATIC_FALSE=''
ENABLE_STATIC_TRUE='#'
ENABLE_TLS_FALSE=''
ENABLE_TLS_TRUE='#'
ETAGS='etags'
EXEEXT=''
GREP='/usr/bin/grep'
INSTALL_DATA='${INSTALL} -m 644'
INSTALL_PROGRAM='${INSTALL}'
INSTALL_SCRIPT='${INSTALL}'
INSTALL_STRIP_PROGRAM='$(install_sh) -c -s'
LARGE_CLIENT_FLAGS_FALSE=''
LARGE_CLIENT_FLAGS_TRUE='#'
LDFLAGS=''
LIBOBJS=''
LIBS='-levent '
LTLIBOBJS=''
MAKEINFO='${SHELL} '\''/users/chenqh23/Ditto/applications/memcached-1.6.24/missing'\'' makeinfo'
MKDIR_P='/usr/bin/mkdir -p'
OBJEXT='o'
OPENSSL_CFLAGS=''
OPENSSL_LIBS=''
PACKAGE='memcached'
PACKAGE_BUGREPORT='memcached@googlegroups.com'
PACKAGE_NAME='memcached'
PACKAGE_STRING='memcached 1.6.24'
PACKAGE_TARNAME='memcached'
PACKAGE_URL=''
PACKAGE_VERSION='1.6.24'
PATH_SEPARATOR=':'
PKG_CONFIG='/usr/bin/pkg-config'
PKG_CONFIG_LIBDIR=''
PKG_CONFIG_PATH=''
PROFILER='/usr/bin/gcov'
PROFILER_FLAGS='-fprofile-arcs -ftest-coverage'
PROFILER_LDFLAGS='-lgcov'
SET_MAKE=''
SHELL='/bin/bash'
STRIP=''
VERSION='1.6.24'
XML2RFC='no'
XSLTPROC='no'
ac_ct_CC='gcc'
am__EXEEXT_FALSE=''
am__EXEEXT_TRUE='#'
am__fastdepCC_FALSE='#'
am__fastdepCC_TRUE=''
am__include='include'
am__isrc=''
am__leading_dot='.'
am__nodep='_no'
am__quote=''
am__tar='$${TAR-tar} chof - "$$tardir"'
am__untar='$${TAR-tar} xf -'
bindir='${exec_prefix}/bin'
build='x86_64-pc-linux-gnu'
build_alias=''
build_cpu='x86_64'
build_os='linux-gnu'
build_vendor='pc'
datadir='${datarootdir}'
datarootdir='${prefix}/share'
docdir='${datarootdir}/doc/${PACKAGE_TARNAME}'
dvidir='${docdir}'
exec_prefix='${prefix}'
host='x86_64-pc-linux-gnu'
host_alias=''
host_cpu='x86_64'
host_os='linux-gnu'
host_vendor='pc'
htmldir='${docdir}'
includedir='${prefix}/include'
infodir='${datarootdir}/info'
install_sh='${SHELL} /users/chenqh23/Ditto/applications/memcached-1.6.24/install-sh'
libdir='${exec_prefix}/lib'
libexecdir='${exec_prefix}/libexec'
localedir='${datarootdir}/locale'
localstatedir='${prefix}/var'
mandir='${datarootdir}/man'
mkdir_p='$(MKDIR_P)'
oldincludedir='/usr/include'
pdfdir='${docdir}'
prefix='/usr/local/memcached'
program_transform_name='s,x,x,'
psdir='${docdir}'
runstatedir='${localstatedir}/run'
sbindir='${exec_prefix}/sbin'
sharedstatedir='${prefix}/com'
sysconfdir='${prefix}/etc'
target_alias=''

## ----------- ##
## confdefs.h. ##
## ----------- ##

/* confdefs.h */
#define PACKAGE_NAME "memcached"
#define PACKAGE_TARNAME "memcached"
#define PACKAGE_VERSION "1.6.24"
#define PACKAGE_STRING "memcached 1.6.24"
#define PACKAGE_BUGREPORT "memcached@googlegroups.com"
#define PACKAGE_URL ""
#define PACKAGE "memcached"
#define VERSION "1.6.24"
#define HAVE_STDIO_H 1
#define HAVE_STDLIB_H 1
#define HAVE_STRING_H 1
#define HAVE_INTTYPES_H 1
#define HAVE_STDINT_H 1
#define HAVE_STRINGS_H 1
#define HAVE_SYS_STAT_H 1
#define HAVE_SYS_TYPES_H 1
#define HAVE_UNISTD_H 1
#define STDC_HEADERS 1
#define EXTSTORE 1
#define SIZEOF_VOID_P 8
#define HAVE_LIBEVENT_NEW 1
#define HAVE__BOOL 1
#define HAVE_STDBOOL_H 1
#define HAVE_INTTYPES_H 1
#define HAVE_SYS_AUXV_H 1
#define ENDIAN_LITTLE 1
#define HAVE_MLOCKALL 1
#define HAVE_SYSCONF 1
#define HAVE_CLOCK_GETTIME 1
#define HAVE_PREADV 1
#define HAVE_PREAD 1
#define HAVE_EVENTFD 1
#define HAVE_ACCEPT4 1
#define HAVE_ACCEPT4 1
#define HAVE_GETOPT_LONG 1
#define HAVE_GETOPT_LONG 1
#define HAVE_GCC_ATOMICS 1
#define HAVE_GCC_64ATOMICS 1
#define _GNU_SOURCE 1

configure: exit 0
